Traceback (most recent call last):
  File "c:\users\daniel.oropeza\appdata\local\programs\python\python39\lib\site-packages\jupyter_cache\executors\utils.py", line 51, in single_nb_execution
    executenb(
  File "c:\users\daniel.oropeza\appdata\local\programs\python\python39\lib\site-packages\nbclient\client.py", line 1085, in execute
    return NotebookClient(nb=nb, resources=resources, km=km, **kwargs).execute()
  File "c:\users\daniel.oropeza\appdata\local\programs\python\python39\lib\site-packages\nbclient\util.py", line 84, in wrapped
    return just_run(coro(*args, **kwargs))
  File "c:\users\daniel.oropeza\appdata\local\programs\python\python39\lib\site-packages\nbclient\util.py", line 62, in just_run
    return loop.run_until_complete(coro)
  File "c:\users\daniel.oropeza\appdata\local\programs\python\python39\lib\asyncio\base_events.py", line 642, in run_until_complete
    return future.result()
  File "c:\users\daniel.oropeza\appdata\local\programs\python\python39\lib\site-packages\nbclient\client.py", line 551, in async_execute
    await self.async_execute_cell(
  File "c:\users\daniel.oropeza\appdata\local\programs\python\python39\lib\site-packages\nbclient\client.py", line 846, in async_execute_cell
    self._check_raise_for_error(cell, exec_reply)
  File "c:\users\daniel.oropeza\appdata\local\programs\python\python39\lib\site-packages\nbclient\client.py", line 748, in _check_raise_for_error
    raise CellExecutionError.from_cell_and_msg(cell, exec_reply_content)
nbclient.exceptions.CellExecutionError: An error occurred while executing the following cell:
------------------
import requests

respuesta = requests.get("./html/auto_mpg.html")
------------------

[1;31m---------------------------------------------------------------------------[0m
[1;31mMissingSchema[0m                             Traceback (most recent call last)
Input [1;32mIn [1][0m, in [0;36m<module>[1;34m[0m
[0;32m      1[0m [38;5;28;01mimport[39;00m [38;5;21;01mrequests[39;00m
[1;32m----> 3[0m respuesta [38;5;241m=[39m [43mrequests[49m[38;5;241;43m.[39;49m[43mget[49m[43m([49m[38;5;124;43m"[39;49m[38;5;124;43m./html/auto_mpg.html[39;49m[38;5;124;43m"[39;49m[43m)[49m

File [1;32mc:\users\daniel.oropeza\appdata\local\programs\python\python39\lib\site-packages\requests\api.py:75[0m, in [0;36mget[1;34m(url, params, **kwargs)[0m
[0;32m     64[0m [38;5;28;01mdef[39;00m [38;5;21mget[39m(url, params[38;5;241m=[39m[38;5;28;01mNone[39;00m, [38;5;241m*[39m[38;5;241m*[39mkwargs):
[0;32m     65[0m     [38;5;124mr[39m[38;5;124;03m"""Sends a GET request.[39;00m
[0;32m     66[0m 
[0;32m     67[0m [38;5;124;03m    :param url: URL for the new :class:`Request` object.[39;00m
[1;32m   (...)[0m
[0;32m     72[0m [38;5;124;03m    :rtype: requests.Response[39;00m
[0;32m     73[0m [38;5;124;03m    """[39;00m
[1;32m---> 75[0m     [38;5;28;01mreturn[39;00m request([38;5;124m'[39m[38;5;124mget[39m[38;5;124m'[39m, url, params[38;5;241m=[39mparams, [38;5;241m*[39m[38;5;241m*[39mkwargs)

File [1;32mc:\users\daniel.oropeza\appdata\local\programs\python\python39\lib\site-packages\requests\api.py:61[0m, in [0;36mrequest[1;34m(method, url, **kwargs)[0m
[0;32m     57[0m [38;5;66;03m# By using the 'with' statement we are sure the session is closed, thus we[39;00m
[0;32m     58[0m [38;5;66;03m# avoid leaving sockets open which can trigger a ResourceWarning in some[39;00m
[0;32m     59[0m [38;5;66;03m# cases, and look like a memory leak in others.[39;00m
[0;32m     60[0m [38;5;28;01mwith[39;00m sessions[38;5;241m.[39mSession() [38;5;28;01mas[39;00m session:
[1;32m---> 61[0m     [38;5;28;01mreturn[39;00m session[38;5;241m.[39mrequest(method[38;5;241m=[39mmethod, url[38;5;241m=[39murl, [38;5;241m*[39m[38;5;241m*[39mkwargs)

File [1;32mc:\users\daniel.oropeza\appdata\local\programs\python\python39\lib\site-packages\requests\sessions.py:515[0m, in [0;36mSession.request[1;34m(self, method, url, params, data, headers, cookies, files, auth, timeout, allow_redirects, proxies, hooks, stream, verify, cert, json)[0m
[0;32m    502[0m [38;5;66;03m# Create the Request.[39;00m
[0;32m    503[0m req [38;5;241m=[39m Request(
[0;32m    504[0m     method[38;5;241m=[39mmethod[38;5;241m.[39mupper(),
[0;32m    505[0m     url[38;5;241m=[39murl,
[1;32m   (...)[0m
[0;32m    513[0m     hooks[38;5;241m=[39mhooks,
[0;32m    514[0m )
[1;32m--> 515[0m prep [38;5;241m=[39m [38;5;28;43mself[39;49m[38;5;241;43m.[39;49m[43mprepare_request[49m[43m([49m[43mreq[49m[43m)[49m
[0;32m    517[0m proxies [38;5;241m=[39m proxies [38;5;129;01mor[39;00m {}
[0;32m    519[0m settings [38;5;241m=[39m [38;5;28mself[39m[38;5;241m.[39mmerge_environment_settings(
[0;32m    520[0m     prep[38;5;241m.[39murl, proxies, stream, verify, cert
[0;32m    521[0m )

File [1;32mc:\users\daniel.oropeza\appdata\local\programs\python\python39\lib\site-packages\requests\sessions.py:443[0m, in [0;36mSession.prepare_request[1;34m(self, request)[0m
[0;32m    440[0m     auth [38;5;241m=[39m get_netrc_auth(request[38;5;241m.[39murl)
[0;32m    442[0m p [38;5;241m=[39m PreparedRequest()
[1;32m--> 443[0m [43mp[49m[38;5;241;43m.[39;49m[43mprepare[49m[43m([49m
[0;32m    444[0m [43m    [49m[43mmethod[49m[38;5;241;43m=[39;49m[43mrequest[49m[38;5;241;43m.[39;49m[43mmethod[49m[38;5;241;43m.[39;49m[43mupper[49m[43m([49m[43m)[49m[43m,[49m
[0;32m    445[0m [43m    [49m[43murl[49m[38;5;241;43m=[39;49m[43mrequest[49m[38;5;241;43m.[39;49m[43murl[49m[43m,[49m
[0;32m    446[0m [43m    [49m[43mfiles[49m[38;5;241;43m=[39;49m[43mrequest[49m[38;5;241;43m.[39;49m[43mfiles[49m[43m,[49m
[0;32m    447[0m [43m    [49m[43mdata[49m[38;5;241;43m=[39;49m[43mrequest[49m[38;5;241;43m.[39;49m[43mdata[49m[43m,[49m
[0;32m    448[0m [43m    [49m[43mjson[49m[38;5;241;43m=[39;49m[43mrequest[49m[38;5;241;43m.[39;49m[43mjson[49m[43m,[49m
[0;32m    449[0m [43m    [49m[43mheaders[49m[38;5;241;43m=[39;49m[43mmerge_setting[49m[43m([49m[43mrequest[49m[38;5;241;43m.[39;49m[43mheaders[49m[43m,[49m[43m [49m[38;5;28;43mself[39;49m[38;5;241;43m.[39;49m[43mheaders[49m[43m,[49m[43m [49m[43mdict_class[49m[38;5;241;43m=[39;49m[43mCaseInsensitiveDict[49m[43m)[49m[43m,[49m
[0;32m    450[0m [43m    [49m[43mparams[49m[38;5;241;43m=[39;49m[43mmerge_setting[49m[43m([49m[43mrequest[49m[38;5;241;43m.[39;49m[43mparams[49m[43m,[49m[43m [49m[38;5;28;43mself[39;49m[38;5;241;43m.[39;49m[43mparams[49m[43m)[49m[43m,[49m
[0;32m    451[0m [43m    [49m[43mauth[49m[38;5;241;43m=[39;49m[43mmerge_setting[49m[43m([49m[43mauth[49m[43m,[49m[43m [49m[38;5;28;43mself[39;49m[38;5;241;43m.[39;49m[43mauth[49m[43m)[49m[43m,[49m
[0;32m    452[0m [43m    [49m[43mcookies[49m[38;5;241;43m=[39;49m[43mmerged_cookies[49m[43m,[49m
[0;32m    453[0m [43m    [49m[43mhooks[49m[38;5;241;43m=[39;49m[43mmerge_hooks[49m[43m([49m[43mrequest[49m[38;5;241;43m.[39;49m[43mhooks[49m[43m,[49m[43m [49m[38;5;28;43mself[39;49m[38;5;241;43m.[39;49m[43mhooks[49m[43m)[49m[43m,[49m
[0;32m    454[0m [43m[49m[43m)[49m
[0;32m    455[0m [38;5;28;01mreturn[39;00m p

File [1;32mc:\users\daniel.oropeza\appdata\local\programs\python\python39\lib\site-packages\requests\models.py:318[0m, in [0;36mPreparedRequest.prepare[1;34m(self, method, url, headers, files, data, params, auth, cookies, hooks, json)[0m
[0;32m    315[0m [38;5;124;03m"""Prepares the entire request with the given parameters."""[39;00m
[0;32m    317[0m [38;5;28mself[39m[38;5;241m.[39mprepare_method(method)
[1;32m--> 318[0m [38;5;28;43mself[39;49m[38;5;241;43m.[39;49m[43mprepare_url[49m[43m([49m[43murl[49m[43m,[49m[43m [49m[43mparams[49m[43m)[49m
[0;32m    319[0m [38;5;28mself[39m[38;5;241m.[39mprepare_headers(headers)
[0;32m    320[0m [38;5;28mself[39m[38;5;241m.[39mprepare_cookies(cookies)

File [1;32mc:\users\daniel.oropeza\appdata\local\programs\python\python39\lib\site-packages\requests\models.py:392[0m, in [0;36mPreparedRequest.prepare_url[1;34m(self, url, params)[0m
[0;32m    389[0m     error [38;5;241m=[39m ([38;5;124m"[39m[38;5;124mInvalid URL [39m[38;5;132;01m{0!r}[39;00m[38;5;124m: No scheme supplied. Perhaps you meant http://[39m[38;5;132;01m{0}[39;00m[38;5;124m?[39m[38;5;124m"[39m)
[0;32m    390[0m     error [38;5;241m=[39m error[38;5;241m.[39mformat(to_native_string(url, [38;5;124m'[39m[38;5;124mutf8[39m[38;5;124m'[39m))
[1;32m--> 392[0m     [38;5;28;01mraise[39;00m MissingSchema(error)
[0;32m    394[0m [38;5;28;01mif[39;00m [38;5;129;01mnot[39;00m host:
[0;32m    395[0m     [38;5;28;01mraise[39;00m InvalidURL([38;5;124m"[39m[38;5;124mInvalid URL [39m[38;5;132;01m%r[39;00m[38;5;124m: No host supplied[39m[38;5;124m"[39m [38;5;241m%[39m url)

[1;31mMissingSchema[0m: Invalid URL './html/auto_mpg.html': No scheme supplied. Perhaps you meant http://./html/auto_mpg.html?
MissingSchema: Invalid URL './html/auto_mpg.html': No scheme supplied. Perhaps you meant http://./html/auto_mpg.html?

